<?xml version="1.0" encoding="UTF-8"?>
<!-- Generated by org.testng.reporters.JUnitReportReporter -->
<testsuite hostname="LTIN269754" failures="0" tests="1" name="TestCase.TestCase3_GoogleLogin" time="7.946" errors="0" timestamp="2024-03-25T09:17:26 PDT" skipped="0">
  <testcase classname="TestCase.TestCase3_GoogleLogin" name="verifyLoginPage" time="7.946"/>
  <system-out/>
</testsuite> <!-- TestCase.TestCase3_GoogleLogin -->
