<?xml version="1.0" encoding="UTF-8"?>
<!-- Generated by org.testng.reporters.JUnitReportReporter -->
<testsuite hostname="LTIN269754" failures="0" tests="1" name="TestCase.TestCase2_UsedCarsDetails" time="23.035" errors="0" timestamp="2024-03-25T09:17:26 PDT" skipped="0">
  <testcase classname="TestCase.TestCase2_UsedCarsDetails" name="UsedCarDetails" time="23.035"/>
  <system-out/>
</testsuite> <!-- TestCase.TestCase2_UsedCarsDetails -->
