<?xml version="1.0" encoding="UTF-8"?>
<!-- Generated by org.testng.reporters.JUnitReportReporter -->
<testsuite hostname="LTIN269754" failures="0" tests="1" name="TestCase.TestCase4_GoogleSignup" time="9.888" errors="0" timestamp="2024-03-25T09:17:26 PDT" skipped="0">
  <testcase classname="TestCase.TestCase4_GoogleSignup" name="verifyLoginPage" time="9.888"/>
  <system-out/>
</testsuite> <!-- TestCase.TestCase4_GoogleSignup -->
