<?xml version="1.0" encoding="UTF-8"?>
<!-- Generated by org.testng.reporters.JUnitReportReporter -->
<testsuite hostname="LTIN294190" failures="0" tests="2" name="TestCase.TC_001_UpcomingBikeDetails" time="18.756" errors="0" timestamp="2024-04-03T07:13:34 PDT" skipped="0">
  <testcase classname="TestCase.TC_001_UpcomingBikeDetails" name="clickUpcomingBikes" time="13.314"/>
  <system-out/>
  <testcase classname="TestCase.TC_001_UpcomingBikeDetails" name="clickNewBikes" time="5.442"/>
  <system-out/>
</testsuite> <!-- TestCase.TC_001_UpcomingBikeDetails -->
