<?xml version="1.0" encoding="UTF-8"?>
<!-- Generated by org.testng.reporters.JUnitReportReporter -->
<testsuite hostname="LTIN294190" failures="0" tests="1" name="TestCase.TC_003_GoogleLogin" time="3.526" errors="0" timestamp="2024-04-03T07:13:34 PDT" skipped="0">
  <testcase classname="TestCase.TC_003_GoogleLogin" name="verifyLoginPage" time="3.526"/>
  <system-out/>
</testsuite> <!-- TestCase.TC_003_GoogleLogin -->
