<?xml version="1.0" encoding="UTF-8"?>
<!-- Generated by org.testng.reporters.JUnitReportReporter -->
<testsuite hostname="LTIN269754" failures="0" tests="2" name="TestCase.TestCase1_UpcomingBikeDetails" time="45.703" errors="0" timestamp="2024-03-25T09:17:26 PDT" skipped="0">
  <testcase classname="TestCase.TestCase1_UpcomingBikeDetails" name="clickUpcomingBikes" time="34.098"/>
  <system-out/>
  <testcase classname="TestCase.TestCase1_UpcomingBikeDetails" name="clickNewBikes" time="11.605"/>
  <system-out/>
</testsuite> <!-- TestCase.TestCase1_UpcomingBikeDetails -->
