<?xml version="1.0" encoding="UTF-8"?>
<!-- Generated by org.testng.reporters.JUnitReportReporter -->
<testsuite hostname="LTIN294190" failures="0" tests="1" name="TestCase.TC_002_UsedCarsDetails" time="72.519" errors="0" timestamp="2024-04-01T05:37:22 PDT" skipped="0">
  <testcase classname="TestCase.TC_002_UsedCarsDetails" name="UsedCarDetails" time="72.519"/>
</testsuite> <!-- TestCase.TC_002_UsedCarsDetails -->
