<?xml version="1.0" encoding="UTF-8"?>
<!-- Generated by org.testng.reporters.JUnitReportReporter -->
<testsuite hostname="LTIN269754" failures="0" tests="2" name="TestCase.TestCase1_UpcomingBikeDetails" time="48.343" errors="0" timestamp="2024-03-25T06:28:29 PDT" skipped="0">
  <testcase classname="TestCase.TestCase1_UpcomingBikeDetails" name="clickUpcomingBikes" time="43.278"/>
  <testcase classname="TestCase.TestCase1_UpcomingBikeDetails" name="clickNewBikes" time="5.065"/>
</testsuite> <!-- TestCase.TestCase1_UpcomingBikeDetails -->
