<?xml version="1.0" encoding="UTF-8"?>
<!-- Generated by org.testng.reporters.JUnitReportReporter -->
<testsuite hostname="LTIN294190" failures="0" tests="2" name="TestCase.TC_001_UpcomingBikeDetails" time="18.188" errors="0" timestamp="2024-04-01T05:37:22 PDT" skipped="0">
  <testcase classname="TestCase.TC_001_UpcomingBikeDetails" name="clickNewBikes" time="5.823"/>
  <testcase classname="TestCase.TC_001_UpcomingBikeDetails" name="clickUpcomingBikes" time="12.365"/>
</testsuite> <!-- TestCase.TC_001_UpcomingBikeDetails -->
